Analysis & Synthesis report for vJTAG_ALU
Mon Apr 27 13:12:31 2015
Quartus II 64-Bit Version 13.0.1 Build 232 06/12/2013 Service Pack 1 SJ Web Edition


---------------------
; Table of Contents ;
---------------------
  1. Legal Notice
  2. Analysis & Synthesis Summary
  3. Analysis & Synthesis Settings
  4. Parallel Compilation
  5. Analysis & Synthesis Source Files Read
  6. Analysis & Synthesis Resource Usage Summary
  7. Analysis & Synthesis Resource Utilization by Entity
  8. Analysis & Synthesis DSP Block Usage Summary
  9. Analysis & Synthesis IP Cores Summary
 10. State Machine - |top_level|tdo_shifter:U_ALU_TO_TDO|state
 11. Registers Removed During Synthesis
 12. General Register Statistics
 13. Inverted Register Statistics
 14. Multiplexer Restructuring Statistics (Restructuring Performed)
 15. Parameter Settings for User Entity Instance: Top-level Entity: |top_level
 16. Parameter Settings for User Entity Instance: vJTAG:U_vJTAG|sld_virtual_jtag:sld_virtual_jtag_component
 17. Parameter Settings for User Entity Instance: seriel_to_parallel_reg:U_SR_V2
 18. Parameter Settings for User Entity Instance: tdo_shifter:U_ALU_TO_TDO
 19. Parameter Settings for User Entity Instance: address_wrapper:U_ADDR_TOP
 20. Parameter Settings for User Entity Instance: address_wrapper:U_ADDR_TOP|reg_gen:U_addrreg
 21. Parameter Settings for User Entity Instance: address_wrapper:U_ADDR_TOP|sdr_count:U_addrcount
 22. Parameter Settings for User Entity Instance: address_wrapper:U_ADDR_TOP|d_logic:U_logic
 23. Parameter Settings for User Entity Instance: alu_ns:U_ALU_NS
 24. Parameter Settings for User Entity Instance: reg_gen:U_A_REG
 25. Parameter Settings for User Entity Instance: reg_gen:U_B_REG
 26. Parameter Settings for User Entity Instance: reg_gen:U_OUT_REG
 27. Parameter Settings for Inferred Entity Instance: alu_ns:U_ALU_NS|lpm_mult:Mult0
 28. lpm_mult Parameter Settings by Entity Instance
 29. Port Connectivity Checks: "vJTAG:U_vJTAG"
 30. Virtual JTAG Settings
 31. Elapsed Time Per Partition
 32. Analysis & Synthesis Messages



----------------
; Legal Notice ;
----------------
Copyright (C) 1991-2013 Altera Corporation
Your use of Altera Corporation's design tools, logic functions 
and other software and tools, and its AMPP partner logic 
functions, and any output files from any of the foregoing 
(including device programming or simulation files), and any 
associated documentation or information are expressly subject 
to the terms and conditions of the Altera Program License 
Subscription Agreement, Altera MegaCore Function License 
Agreement, or other applicable license agreement, including, 
without limitation, that your use is for the sole purpose of 
programming logic devices manufactured by Altera and sold by 
Altera or its authorized distributors.  Please refer to the 
applicable agreement for further details.



+--------------------------------------------------------------------------------------+
; Analysis & Synthesis Summary                                                         ;
+------------------------------------+-------------------------------------------------+
; Analysis & Synthesis Status        ; Successful - Mon Apr 27 13:12:31 2015           ;
; Quartus II 64-Bit Version          ; 13.0.1 Build 232 06/12/2013 SP 1 SJ Web Edition ;
; Revision Name                      ; vJTAG_ALU                                       ;
; Top-level Entity Name              ; top_level                                       ;
; Family                             ; Cyclone III                                     ;
; Total logic elements               ; 395                                             ;
;     Total combinational functions  ; 299                                             ;
;     Dedicated logic registers      ; 177                                             ;
; Total registers                    ; 177                                             ;
; Total pins                         ; 42                                              ;
; Total virtual pins                 ; 0                                               ;
; Total memory bits                  ; 0                                               ;
; Embedded Multiplier 9-bit elements ; 1                                               ;
; Total PLLs                         ; 0                                               ;
+------------------------------------+-------------------------------------------------+


+----------------------------------------------------------------------------------------------------------------------+
; Analysis & Synthesis Settings                                                                                        ;
+----------------------------------------------------------------------------+--------------------+--------------------+
; Option                                                                     ; Setting            ; Default Value      ;
+----------------------------------------------------------------------------+--------------------+--------------------+
; Device                                                                     ; EP3C16F484C6       ;                    ;
; Top-level entity name                                                      ; top_level          ; vJTAG_ALU          ;
; Family name                                                                ; Cyclone III        ; Cyclone IV GX      ;
; Use smart compilation                                                      ; Off                ; Off                ;
; Enable parallel Assembler and TimeQuest Timing Analyzer during compilation ; On                 ; On                 ;
; Enable compact report table                                                ; Off                ; Off                ;
; Restructure Multiplexers                                                   ; Auto               ; Auto               ;
; Create Debugging Nodes for IP Cores                                        ; Off                ; Off                ;
; Preserve fewer node names                                                  ; On                 ; On                 ;
; Disable OpenCore Plus hardware evaluation                                  ; Off                ; Off                ;
; Verilog Version                                                            ; Verilog_2001       ; Verilog_2001       ;
; VHDL Version                                                               ; VHDL_1993          ; VHDL_1993          ;
; State Machine Processing                                                   ; Auto               ; Auto               ;
; Safe State Machine                                                         ; Off                ; Off                ;
; Extract Verilog State Machines                                             ; On                 ; On                 ;
; Extract VHDL State Machines                                                ; On                 ; On                 ;
; Ignore Verilog initial constructs                                          ; Off                ; Off                ;
; Iteration limit for constant Verilog loops                                 ; 5000               ; 5000               ;
; Iteration limit for non-constant Verilog loops                             ; 250                ; 250                ;
; Add Pass-Through Logic to Inferred RAMs                                    ; On                 ; On                 ;
; Infer RAMs from Raw Logic                                                  ; On                 ; On                 ;
; Parallel Synthesis                                                         ; On                 ; On                 ;
; DSP Block Balancing                                                        ; Auto               ; Auto               ;
; NOT Gate Push-Back                                                         ; On                 ; On                 ;
; Power-Up Don't Care                                                        ; On                 ; On                 ;
; Remove Redundant Logic Cells                                               ; Off                ; Off                ;
; Remove Duplicate Registers                                                 ; On                 ; On                 ;
; Ignore CARRY Buffers                                                       ; Off                ; Off                ;
; Ignore CASCADE Buffers                                                     ; Off                ; Off                ;
; Ignore GLOBAL Buffers                                                      ; Off                ; Off                ;
; Ignore ROW GLOBAL Buffers                                                  ; Off                ; Off                ;
; Ignore LCELL Buffers                                                       ; Off                ; Off                ;
; Ignore SOFT Buffers                                                        ; On                 ; On                 ;
; Limit AHDL Integers to 32 Bits                                             ; Off                ; Off                ;
; Optimization Technique                                                     ; Balanced           ; Balanced           ;
; Carry Chain Length                                                         ; 70                 ; 70                 ;
; Auto Carry Chains                                                          ; On                 ; On                 ;
; Auto Open-Drain Pins                                                       ; On                 ; On                 ;
; Perform WYSIWYG Primitive Resynthesis                                      ; Off                ; Off                ;
; Auto ROM Replacement                                                       ; On                 ; On                 ;
; Auto RAM Replacement                                                       ; On                 ; On                 ;
; Auto DSP Block Replacement                                                 ; On                 ; On                 ;
; Auto Shift Register Replacement                                            ; Auto               ; Auto               ;
; Allow Shift Register Merging across Hierarchies                            ; Auto               ; Auto               ;
; Auto Clock Enable Replacement                                              ; On                 ; On                 ;
; Strict RAM Replacement                                                     ; Off                ; Off                ;
; Allow Synchronous Control Signals                                          ; On                 ; On                 ;
; Force Use of Synchronous Clear Signals                                     ; Off                ; Off                ;
; Auto RAM Block Balancing                                                   ; On                 ; On                 ;
; Auto RAM to Logic Cell Conversion                                          ; Off                ; Off                ;
; Auto Resource Sharing                                                      ; Off                ; Off                ;
; Allow Any RAM Size For Recognition                                         ; Off                ; Off                ;
; Allow Any ROM Size For Recognition                                         ; Off                ; Off                ;
; Allow Any Shift Register Size For Recognition                              ; Off                ; Off                ;
; Use LogicLock Constraints during Resource Balancing                        ; On                 ; On                 ;
; Ignore translate_off and synthesis_off directives                          ; Off                ; Off                ;
; Timing-Driven Synthesis                                                    ; On                 ; On                 ;
; Report Parameter Settings                                                  ; On                 ; On                 ;
; Report Source Assignments                                                  ; On                 ; On                 ;
; Report Connectivity Checks                                                 ; On                 ; On                 ;
; Ignore Maximum Fan-Out Assignments                                         ; Off                ; Off                ;
; Synchronization Register Chain Length                                      ; 2                  ; 2                  ;
; PowerPlay Power Optimization                                               ; Normal compilation ; Normal compilation ;
; HDL message level                                                          ; Level2             ; Level2             ;
; Suppress Register Optimization Related Messages                            ; Off                ; Off                ;
; Number of Removed Registers Reported in Synthesis Report                   ; 5000               ; 5000               ;
; Number of Swept Nodes Reported in Synthesis Report                         ; 5000               ; 5000               ;
; Number of Inverted Registers Reported in Synthesis Report                  ; 100                ; 100                ;
; Clock MUX Protection                                                       ; On                 ; On                 ;
; Auto Gated Clock Conversion                                                ; Off                ; Off                ;
; Block Design Naming                                                        ; Auto               ; Auto               ;
; SDC constraint protection                                                  ; Off                ; Off                ;
; Synthesis Effort                                                           ; Auto               ; Auto               ;
; Shift Register Replacement - Allow Asynchronous Clear Signal               ; On                 ; On                 ;
; Pre-Mapping Resynthesis Optimization                                       ; Off                ; Off                ;
; Analysis & Synthesis Message Level                                         ; Medium             ; Medium             ;
; Disable Register Merging Across Hierarchies                                ; Auto               ; Auto               ;
; Resource Aware Inference For Block RAM                                     ; On                 ; On                 ;
; Synthesis Seed                                                             ; 1                  ; 1                  ;
+----------------------------------------------------------------------------+--------------------+--------------------+


+------------------------------------------+
; Parallel Compilation                     ;
+----------------------------+-------------+
; Processors                 ; Number      ;
+----------------------------+-------------+
; Number detected on machine ; 8           ;
; Maximum allowed            ; 4           ;
;                            ;             ;
; Average used               ; 1.00        ;
; Maximum used               ; 1           ;
;                            ;             ;
; Usage by Processor         ; % Time Used ;
;     Processor 1            ; 100.0%      ;
;     Processors 2-8         ;   0.0%      ;
+----------------------------+-------------+


+-------------------------------------------------------------------------------------------------------------------------------------------------------------------------------------------------------------------------------------------+
; Analysis & Synthesis Source Files Read                                                                                                                                                                                                    ;
+------------------------------------+-----------------+------------------------------+-------------------------------------------------------------------------------------------------------------------------------------------+---------+
; File Name with User-Entered Path   ; Used in Netlist ; File Type                    ; File Name with Absolute Path                                                                                                              ; Library ;
+------------------------------------+-----------------+------------------------------+-------------------------------------------------------------------------------------------------------------------------------------------+---------+
; ../VHDL/decoder7seg.vhd            ; yes             ; User VHDL File               ; C:/Users/Kyle/Downloads/DE0_Board_Virtual_Control-2015-04-27/DE0 Board Virtual Control/Turn in/VHDL/decoder7seg.vhd                       ;         ;
; ../VHDL/vJTAG.vhd                  ; yes             ; User Wizard-Generated File   ; C:/Users/Kyle/Downloads/DE0_Board_Virtual_Control-2015-04-27/DE0 Board Virtual Control/Turn in/VHDL/vJTAG.vhd                             ;         ;
; ../VHDL/top_level.vhd              ; yes             ; User VHDL File               ; C:/Users/Kyle/Downloads/DE0_Board_Virtual_Control-2015-04-27/DE0 Board Virtual Control/Turn in/VHDL/top_level.vhd                         ;         ;
; ../VHDL/tdo_shifter.vhd            ; yes             ; User VHDL File               ; C:/Users/Kyle/Downloads/DE0_Board_Virtual_Control-2015-04-27/DE0 Board Virtual Control/Turn in/VHDL/tdo_shifter.vhd                       ;         ;
; ../VHDL/seriel_to_parallel_reg.vhd ; yes             ; User VHDL File               ; C:/Users/Kyle/Downloads/DE0_Board_Virtual_Control-2015-04-27/DE0 Board Virtual Control/Turn in/VHDL/seriel_to_parallel_reg.vhd            ;         ;
; ../VHDL/sdr_count.vhd              ; yes             ; User VHDL File               ; C:/Users/Kyle/Downloads/DE0_Board_Virtual_Control-2015-04-27/DE0 Board Virtual Control/Turn in/VHDL/sdr_count.vhd                         ;         ;
; ../VHDL/reg_gen.vhd                ; yes             ; User VHDL File               ; C:/Users/Kyle/Downloads/DE0_Board_Virtual_Control-2015-04-27/DE0 Board Virtual Control/Turn in/VHDL/reg_gen.vhd                           ;         ;
; ../VHDL/mem_pkg.vhd                ; yes             ; User VHDL File               ; C:/Users/Kyle/Downloads/DE0_Board_Virtual_Control-2015-04-27/DE0 Board Virtual Control/Turn in/VHDL/mem_pkg.vhd                           ;         ;
; ../VHDL/d_logic.vhd                ; yes             ; User VHDL File               ; C:/Users/Kyle/Downloads/DE0_Board_Virtual_Control-2015-04-27/DE0 Board Virtual Control/Turn in/VHDL/d_logic.vhd                           ;         ;
; ../VHDL/alu_ns.vhd                 ; yes             ; User VHDL File               ; C:/Users/Kyle/Downloads/DE0_Board_Virtual_Control-2015-04-27/DE0 Board Virtual Control/Turn in/VHDL/alu_ns.vhd                            ;         ;
; ../VHDL/address_wrapper.vhd        ; yes             ; User VHDL File               ; C:/Users/Kyle/Downloads/DE0_Board_Virtual_Control-2015-04-27/DE0 Board Virtual Control/Turn in/VHDL/address_wrapper.vhd                   ;         ;
; sld_virtual_jtag.v                 ; yes             ; Megafunction                 ; c:/altera/13.0sp1/quartus/libraries/megafunctions/sld_virtual_jtag.v                                                                      ;         ;
; sld_virtual_jtag_basic.v           ; yes             ; Megafunction                 ; c:/altera/13.0sp1/quartus/libraries/megafunctions/sld_virtual_jtag_basic.v                                                                ;         ;
; sld_hub.vhd                        ; yes             ; Encrypted Megafunction       ; c:/altera/13.0sp1/quartus/libraries/megafunctions/sld_hub.vhd                                                                             ;         ;
; sld_jtag_hub.vhd                   ; yes             ; Encrypted Megafunction       ; c:/altera/13.0sp1/quartus/libraries/megafunctions/sld_jtag_hub.vhd                                                                        ;         ;
; sld_rom_sr.vhd                     ; yes             ; Encrypted Megafunction       ; c:/altera/13.0sp1/quartus/libraries/megafunctions/sld_rom_sr.vhd                                                                          ;         ;
; lpm_mult.tdf                       ; yes             ; Megafunction                 ; c:/altera/13.0sp1/quartus/libraries/megafunctions/lpm_mult.tdf                                                                            ;         ;
; aglobal130.inc                     ; yes             ; Megafunction                 ; c:/altera/13.0sp1/quartus/libraries/megafunctions/aglobal130.inc                                                                          ;         ;
; lpm_add_sub.inc                    ; yes             ; Megafunction                 ; c:/altera/13.0sp1/quartus/libraries/megafunctions/lpm_add_sub.inc                                                                         ;         ;
; multcore.inc                       ; yes             ; Megafunction                 ; c:/altera/13.0sp1/quartus/libraries/megafunctions/multcore.inc                                                                            ;         ;
; bypassff.inc                       ; yes             ; Megafunction                 ; c:/altera/13.0sp1/quartus/libraries/megafunctions/bypassff.inc                                                                            ;         ;
; altshift.inc                       ; yes             ; Megafunction                 ; c:/altera/13.0sp1/quartus/libraries/megafunctions/altshift.inc                                                                            ;         ;
; db/mult_19t.tdf                    ; yes             ; Auto-Generated Megafunction  ; C:/Users/Kyle/Downloads/DE0_Board_Virtual_Control-2015-04-27/DE0 Board Virtual Control/Turn in/vJTAG_ALU_Generic_restored/db/mult_19t.tdf ;         ;
+------------------------------------+-----------------+------------------------------+-------------------------------------------------------------------------------------------------------------------------------------------+---------+


+------------------------------------------------------------------------+
; Analysis & Synthesis Resource Usage Summary                            ;
+---------------------------------------------+--------------------------+
; Resource                                    ; Usage                    ;
+---------------------------------------------+--------------------------+
; Estimated Total logic elements              ; 395                      ;
;                                             ;                          ;
; Total combinational functions               ; 299                      ;
; Logic element usage by number of LUT inputs ;                          ;
;     -- 4 input functions                    ; 172                      ;
;     -- 3 input functions                    ; 62                       ;
;     -- <=2 input functions                  ; 65                       ;
;                                             ;                          ;
; Logic elements by mode                      ;                          ;
;     -- normal mode                          ; 280                      ;
;     -- arithmetic mode                      ; 19                       ;
;                                             ;                          ;
; Total registers                             ; 177                      ;
;     -- Dedicated logic registers            ; 177                      ;
;     -- I/O registers                        ; 0                        ;
;                                             ;                          ;
; I/O pins                                    ; 42                       ;
; Embedded Multiplier 9-bit elements          ; 1                        ;
; Maximum fan-out node                        ; altera_internal_jtag~TDO ;
; Maximum fan-out                             ; 197                      ;
; Total fan-out                               ; 1711                     ;
; Average fan-out                             ; 3.00                     ;
+---------------------------------------------+--------------------------+


+--------------------------------------------------------------------------------------------------------------------------------------------------------------------------------------------------------------------------------------------------------------------------------------------------------------------+
; Analysis & Synthesis Resource Utilization by Entity                                                                                                                                                                                                                                                                ;
+---------------------------------------------------------------+-------------------+--------------+-------------+--------------+---------+-----------+------+--------------+-------------------------------------------------------------------------------------------------------------------------+--------------+
; Compilation Hierarchy Node                                    ; LC Combinationals ; LC Registers ; Memory Bits ; DSP Elements ; DSP 9x9 ; DSP 18x18 ; Pins ; Virtual Pins ; Full Hierarchy Name                                                                                                     ; Library Name ;
+---------------------------------------------------------------+-------------------+--------------+-------------+--------------+---------+-----------+------+--------------+-------------------------------------------------------------------------------------------------------------------------+--------------+
; |top_level                                                    ; 299 (1)           ; 177 (0)      ; 0           ; 1            ; 1       ; 0         ; 42   ; 0            ; |top_level                                                                                                              ; work         ;
;    |address_wrapper:U_ADDR_TOP|                               ; 14 (0)            ; 26 (0)       ; 0           ; 0            ; 0       ; 0         ; 0    ; 0            ; |top_level|address_wrapper:U_ADDR_TOP                                                                                   ; work         ;
;       |d_logic:U_logic|                                       ; 12 (12)           ; 15 (15)      ; 0           ; 0            ; 0       ; 0         ; 0    ; 0            ; |top_level|address_wrapper:U_ADDR_TOP|d_logic:U_logic                                                                   ; work         ;
;       |reg_gen:U_addrreg|                                     ; 0 (0)             ; 8 (8)        ; 0           ; 0            ; 0       ; 0         ; 0    ; 0            ; |top_level|address_wrapper:U_ADDR_TOP|reg_gen:U_addrreg                                                                 ; work         ;
;       |sdr_count:U_addrcount|                                 ; 2 (2)             ; 3 (3)        ; 0           ; 0            ; 0       ; 0         ; 0    ; 0            ; |top_level|address_wrapper:U_ADDR_TOP|sdr_count:U_addrcount                                                             ; work         ;
;    |alu_ns:U_ALU_NS|                                          ; 118 (118)         ; 0 (0)        ; 0           ; 1            ; 1       ; 0         ; 0    ; 0            ; |top_level|alu_ns:U_ALU_NS                                                                                              ; work         ;
;       |lpm_mult:Mult0|                                        ; 0 (0)             ; 0 (0)        ; 0           ; 1            ; 1       ; 0         ; 0    ; 0            ; |top_level|alu_ns:U_ALU_NS|lpm_mult:Mult0                                                                               ; work         ;
;          |mult_19t:auto_generated|                            ; 0 (0)             ; 0 (0)        ; 0           ; 1            ; 1       ; 0         ; 0    ; 0            ; |top_level|alu_ns:U_ALU_NS|lpm_mult:Mult0|mult_19t:auto_generated                                                       ; work         ;
;    |decoder7seg:U_LED_HI_a|                                   ; 7 (7)             ; 0 (0)        ; 0           ; 0            ; 0       ; 0         ; 0    ; 0            ; |top_level|decoder7seg:U_LED_HI_a                                                                                       ; work         ;
;    |decoder7seg:U_LED_HI_b|                                   ; 7 (7)             ; 0 (0)        ; 0           ; 0            ; 0       ; 0         ; 0    ; 0            ; |top_level|decoder7seg:U_LED_HI_b                                                                                       ; work         ;
;    |decoder7seg:U_LED_LO_a|                                   ; 7 (7)             ; 0 (0)        ; 0           ; 0            ; 0       ; 0         ; 0    ; 0            ; |top_level|decoder7seg:U_LED_LO_a                                                                                       ; work         ;
;    |decoder7seg:U_LED_LO_b|                                   ; 7 (7)             ; 0 (0)        ; 0           ; 0            ; 0       ; 0         ; 0    ; 0            ; |top_level|decoder7seg:U_LED_LO_b                                                                                       ; work         ;
;    |reg_gen:U_A_REG|                                          ; 0 (0)             ; 8 (8)        ; 0           ; 0            ; 0       ; 0         ; 0    ; 0            ; |top_level|reg_gen:U_A_REG                                                                                              ; work         ;
;    |reg_gen:U_B_REG|                                          ; 0 (0)             ; 8 (8)        ; 0           ; 0            ; 0       ; 0         ; 0    ; 0            ; |top_level|reg_gen:U_B_REG                                                                                              ; work         ;
;    |reg_gen:U_OUT_REG|                                        ; 0 (0)             ; 8 (8)        ; 0           ; 0            ; 0       ; 0         ; 0    ; 0            ; |top_level|reg_gen:U_OUT_REG                                                                                            ; work         ;
;    |seriel_to_parallel_reg:U_SR_V2|                           ; 1 (1)             ; 16 (16)      ; 0           ; 0            ; 0       ; 0         ; 0    ; 0            ; |top_level|seriel_to_parallel_reg:U_SR_V2                                                                               ; work         ;
;    |sld_hub:auto_hub|                                         ; 118 (1)           ; 86 (0)       ; 0           ; 0            ; 0       ; 0         ; 0    ; 0            ; |top_level|sld_hub:auto_hub                                                                                             ; work         ;
;       |sld_jtag_hub:\jtag_hub_gen:sld_jtag_hub_inst|          ; 117 (80)          ; 86 (58)      ; 0           ; 0            ; 0       ; 0         ; 0    ; 0            ; |top_level|sld_hub:auto_hub|sld_jtag_hub:\jtag_hub_gen:sld_jtag_hub_inst                                                ; work         ;
;          |sld_rom_sr:hub_info_reg|                            ; 20 (20)           ; 9 (9)        ; 0           ; 0            ; 0       ; 0         ; 0    ; 0            ; |top_level|sld_hub:auto_hub|sld_jtag_hub:\jtag_hub_gen:sld_jtag_hub_inst|sld_rom_sr:hub_info_reg                        ; work         ;
;          |sld_shadow_jsm:shadow_jsm|                          ; 17 (17)           ; 19 (19)      ; 0           ; 0            ; 0       ; 0         ; 0    ; 0            ; |top_level|sld_hub:auto_hub|sld_jtag_hub:\jtag_hub_gen:sld_jtag_hub_inst|sld_shadow_jsm:shadow_jsm                      ; work         ;
;    |tdo_shifter:U_ALU_TO_TDO|                                 ; 17 (17)           ; 25 (25)      ; 0           ; 0            ; 0       ; 0         ; 0    ; 0            ; |top_level|tdo_shifter:U_ALU_TO_TDO                                                                                     ; work         ;
;    |vJTAG:U_vJTAG|                                            ; 2 (0)             ; 0 (0)        ; 0           ; 0            ; 0       ; 0         ; 0    ; 0            ; |top_level|vJTAG:U_vJTAG                                                                                                ; work         ;
;       |sld_virtual_jtag:sld_virtual_jtag_component|           ; 2 (0)             ; 0 (0)        ; 0           ; 0            ; 0       ; 0         ; 0    ; 0            ; |top_level|vJTAG:U_vJTAG|sld_virtual_jtag:sld_virtual_jtag_component                                                    ; work         ;
;          |sld_virtual_jtag_basic:sld_virtual_jtag_basic_inst| ; 2 (2)             ; 0 (0)        ; 0           ; 0            ; 0       ; 0         ; 0    ; 0            ; |top_level|vJTAG:U_vJTAG|sld_virtual_jtag:sld_virtual_jtag_component|sld_virtual_jtag_basic:sld_virtual_jtag_basic_inst ; work         ;
+---------------------------------------------------------------+-------------------+--------------+-------------+--------------+---------+-----------+------+--------------+-------------------------------------------------------------------------------------------------------------------------+--------------+
Note: For table entries with two numbers listed, the numbers in parentheses indicate the number of resources of the given type used by the specific entity alone. The numbers listed outside of parentheses indicate the total resources of the given type used by the specific entity and all of its sub-entities in the hierarchy.


+-----------------------------------------------------+
; Analysis & Synthesis DSP Block Usage Summary        ;
+---------------------------------------+-------------+
; Statistic                             ; Number Used ;
+---------------------------------------+-------------+
; Simple Multipliers (9-bit)            ; 1           ;
; Simple Multipliers (18-bit)           ; 0           ;
; Embedded Multiplier Blocks            ; --          ;
; Embedded Multiplier 9-bit elements    ; 1           ;
; Signed Embedded Multipliers           ; 0           ;
; Unsigned Embedded Multipliers         ; 1           ;
; Mixed Sign Embedded Multipliers       ; 0           ;
; Variable Sign Embedded Multipliers    ; 0           ;
; Dedicated Input Shift Register Chains ; 0           ;
+---------------------------------------+-------------+
Note: number of Embedded Multiplier Blocks used is only available after a successful fit.


+----------------------------------------------------------------------------------------------------------------------------------------------------------------------------------------------------------+
; Analysis & Synthesis IP Cores Summary                                                                                                                                                                    ;
+--------+--------------+---------+--------------+--------------+--------------------------+---------------------------------------------------------------------------------------------------------------+
; Vendor ; IP Core Name ; Version ; Release Date ; License Type ; Entity Instance          ; IP Include File                                                                                               ;
+--------+--------------+---------+--------------+--------------+--------------------------+---------------------------------------------------------------------------------------------------------------+
; Altera ; Virtual JTAG ; N/A     ; N/A          ; N/A          ; |top_level|vJTAG:U_vJTAG ; C:/Users/Kyle/Downloads/DE0_Board_Virtual_Control-2015-04-27/DE0 Board Virtual Control/Turn in/VHDL/vJTAG.vhd ;
+--------+--------------+---------+--------------+--------------+--------------------------+---------------------------------------------------------------------------------------------------------------+


Encoding Type:  One-Hot
+----------------------------------------------------------------------------------------------------------------------------------------------------------------------------------------------------------------------------------------------------------------------------------------------------------------------------------------------------------------------------------------------------------------------------------------------------------------------------------------------------+
; State Machine - |top_level|tdo_shifter:U_ALU_TO_TDO|state                                                                                                                                                                                                                                                                                                                                                                                                                                          ;
+--------------+--------------+--------------+--------------+--------------+--------------+--------------+--------------+--------------+--------------+--------------+--------------+--------------+--------------+--------------+--------------+--------------+--------------+--------------+--------------+--------------+--------------+--------------+-------------+-------------+-------------+-------------+-------------+-------------+-------------+-------------+-------------+-------------+
; Name         ; state.OUT_31 ; state.OUT_30 ; state.OUT_29 ; state.OUT_28 ; state.OUT_27 ; state.OUT_26 ; state.OUT_25 ; state.OUT_24 ; state.OUT_23 ; state.OUT_22 ; state.OUT_21 ; state.OUT_20 ; state.OUT_19 ; state.OUT_18 ; state.OUT_17 ; state.OUT_16 ; state.OUT_15 ; state.OUT_14 ; state.OUT_13 ; state.OUT_12 ; state.OUT_11 ; state.OUT_10 ; state.OUT_9 ; state.OUT_8 ; state.OUT_7 ; state.OUT_6 ; state.OUT_5 ; state.OUT_4 ; state.OUT_3 ; state.OUT_2 ; state.OUT_1 ; state.START ;
+--------------+--------------+--------------+--------------+--------------+--------------+--------------+--------------+--------------+--------------+--------------+--------------+--------------+--------------+--------------+--------------+--------------+--------------+--------------+--------------+--------------+--------------+--------------+-------------+-------------+-------------+-------------+-------------+-------------+-------------+-------------+-------------+-------------+
; state.START  ; 0            ; 0            ; 0            ; 0            ; 0            ; 0            ; 0            ; 0            ; 0            ; 0            ; 0            ; 0            ; 0            ; 0            ; 0            ; 0            ; 0            ; 0            ; 0            ; 0            ; 0            ; 0            ; 0           ; 0           ; 0           ; 0           ; 0           ; 0           ; 0           ; 0           ; 0           ; 0           ;
; state.OUT_1  ; 0            ; 0            ; 0            ; 0            ; 0            ; 0            ; 0            ; 0            ; 0            ; 0            ; 0            ; 0            ; 0            ; 0            ; 0            ; 0            ; 0            ; 0            ; 0            ; 0            ; 0            ; 0            ; 0           ; 0           ; 0           ; 0           ; 0           ; 0           ; 0           ; 0           ; 1           ; 1           ;
; state.OUT_2  ; 0            ; 0            ; 0            ; 0            ; 0            ; 0            ; 0            ; 0            ; 0            ; 0            ; 0            ; 0            ; 0            ; 0            ; 0            ; 0            ; 0            ; 0            ; 0            ; 0            ; 0            ; 0            ; 0           ; 0           ; 0           ; 0           ; 0           ; 0           ; 0           ; 1           ; 0           ; 1           ;
; state.OUT_3  ; 0            ; 0            ; 0            ; 0            ; 0            ; 0            ; 0            ; 0            ; 0            ; 0            ; 0            ; 0            ; 0            ; 0            ; 0            ; 0            ; 0            ; 0            ; 0            ; 0            ; 0            ; 0            ; 0           ; 0           ; 0           ; 0           ; 0           ; 0           ; 1           ; 0           ; 0           ; 1           ;
; state.OUT_4  ; 0            ; 0            ; 0            ; 0            ; 0            ; 0            ; 0            ; 0            ; 0            ; 0            ; 0            ; 0            ; 0            ; 0            ; 0            ; 0            ; 0            ; 0            ; 0            ; 0            ; 0            ; 0            ; 0           ; 0           ; 0           ; 0           ; 0           ; 1           ; 0           ; 0           ; 0           ; 1           ;
; state.OUT_5  ; 0            ; 0            ; 0            ; 0            ; 0            ; 0            ; 0            ; 0            ; 0            ; 0            ; 0            ; 0            ; 0            ; 0            ; 0            ; 0            ; 0            ; 0            ; 0            ; 0            ; 0            ; 0            ; 0           ; 0           ; 0           ; 0           ; 1           ; 0           ; 0           ; 0           ; 0           ; 1           ;
; state.OUT_6  ; 0            ; 0            ; 0            ; 0            ; 0            ; 0            ; 0            ; 0            ; 0            ; 0            ; 0            ; 0            ; 0            ; 0            ; 0            ; 0            ; 0            ; 0            ; 0            ; 0            ; 0            ; 0            ; 0           ; 0           ; 0           ; 1           ; 0           ; 0           ; 0           ; 0           ; 0           ; 1           ;
; state.OUT_7  ; 0            ; 0            ; 0            ; 0            ; 0            ; 0            ; 0            ; 0            ; 0            ; 0            ; 0            ; 0            ; 0            ; 0            ; 0            ; 0            ; 0            ; 0            ; 0            ; 0            ; 0            ; 0            ; 0           ; 0           ; 1           ; 0           ; 0           ; 0           ; 0           ; 0           ; 0           ; 1           ;
; state.OUT_8  ; 0            ; 0            ; 0            ; 0            ; 0            ; 0            ; 0            ; 0            ; 0            ; 0            ; 0            ; 0            ; 0            ; 0            ; 0            ; 0            ; 0            ; 0            ; 0            ; 0            ; 0            ; 0            ; 0           ; 1           ; 0           ; 0           ; 0           ; 0           ; 0           ; 0           ; 0           ; 1           ;
; state.OUT_9  ; 0            ; 0            ; 0            ; 0            ; 0            ; 0            ; 0            ; 0            ; 0            ; 0            ; 0            ; 0            ; 0            ; 0            ; 0            ; 0            ; 0            ; 0            ; 0            ; 0            ; 0            ; 0            ; 1           ; 0           ; 0           ; 0           ; 0           ; 0           ; 0           ; 0           ; 0           ; 1           ;
; state.OUT_10 ; 0            ; 0            ; 0            ; 0            ; 0            ; 0            ; 0            ; 0            ; 0            ; 0            ; 0            ; 0            ; 0            ; 0            ; 0            ; 0            ; 0            ; 0            ; 0            ; 0            ; 0            ; 1            ; 0           ; 0           ; 0           ; 0           ; 0           ; 0           ; 0           ; 0           ; 0           ; 1           ;
; state.OUT_11 ; 0            ; 0            ; 0            ; 0            ; 0            ; 0            ; 0            ; 0            ; 0            ; 0            ; 0            ; 0            ; 0            ; 0            ; 0            ; 0            ; 0            ; 0            ; 0            ; 0            ; 1            ; 0            ; 0           ; 0           ; 0           ; 0           ; 0           ; 0           ; 0           ; 0           ; 0           ; 1           ;
; state.OUT_12 ; 0            ; 0            ; 0            ; 0            ; 0            ; 0            ; 0            ; 0            ; 0            ; 0            ; 0            ; 0            ; 0            ; 0            ; 0            ; 0            ; 0            ; 0            ; 0            ; 1            ; 0            ; 0            ; 0           ; 0           ; 0           ; 0           ; 0           ; 0           ; 0           ; 0           ; 0           ; 1           ;
; state.OUT_13 ; 0            ; 0            ; 0            ; 0            ; 0            ; 0            ; 0            ; 0            ; 0            ; 0            ; 0            ; 0            ; 0            ; 0            ; 0            ; 0            ; 0            ; 0            ; 1            ; 0            ; 0            ; 0            ; 0           ; 0           ; 0           ; 0           ; 0           ; 0           ; 0           ; 0           ; 0           ; 1           ;
; state.OUT_14 ; 0            ; 0            ; 0            ; 0            ; 0            ; 0            ; 0            ; 0            ; 0            ; 0            ; 0            ; 0            ; 0            ; 0            ; 0            ; 0            ; 0            ; 1            ; 0            ; 0            ; 0            ; 0            ; 0           ; 0           ; 0           ; 0           ; 0           ; 0           ; 0           ; 0           ; 0           ; 1           ;
; state.OUT_15 ; 0            ; 0            ; 0            ; 0            ; 0            ; 0            ; 0            ; 0            ; 0            ; 0            ; 0            ; 0            ; 0            ; 0            ; 0            ; 0            ; 1            ; 0            ; 0            ; 0            ; 0            ; 0            ; 0           ; 0           ; 0           ; 0           ; 0           ; 0           ; 0           ; 0           ; 0           ; 1           ;
; state.OUT_16 ; 0            ; 0            ; 0            ; 0            ; 0            ; 0            ; 0            ; 0            ; 0            ; 0            ; 0            ; 0            ; 0            ; 0            ; 0            ; 1            ; 0            ; 0            ; 0            ; 0            ; 0            ; 0            ; 0           ; 0           ; 0           ; 0           ; 0           ; 0           ; 0           ; 0           ; 0           ; 1           ;
; state.OUT_17 ; 0            ; 0            ; 0            ; 0            ; 0            ; 0            ; 0            ; 0            ; 0            ; 0            ; 0            ; 0            ; 0            ; 0            ; 1            ; 0            ; 0            ; 0            ; 0            ; 0            ; 0            ; 0            ; 0           ; 0           ; 0           ; 0           ; 0           ; 0           ; 0           ; 0           ; 0           ; 1           ;
; state.OUT_18 ; 0            ; 0            ; 0            ; 0            ; 0            ; 0            ; 0            ; 0            ; 0            ; 0            ; 0            ; 0            ; 0            ; 1            ; 0            ; 0            ; 0            ; 0            ; 0            ; 0            ; 0            ; 0            ; 0           ; 0           ; 0           ; 0           ; 0           ; 0           ; 0           ; 0           ; 0           ; 1           ;
; state.OUT_19 ; 0            ; 0            ; 0            ; 0            ; 0            ; 0            ; 0            ; 0            ; 0            ; 0            ; 0            ; 0            ; 1            ; 0            ; 0            ; 0            ; 0            ; 0            ; 0            ; 0            ; 0            ; 0            ; 0           ; 0           ; 0           ; 0           ; 0           ; 0           ; 0           ; 0           ; 0           ; 1           ;
; state.OUT_20 ; 0            ; 0            ; 0            ; 0            ; 0            ; 0            ; 0            ; 0            ; 0            ; 0            ; 0            ; 1            ; 0            ; 0            ; 0            ; 0            ; 0            ; 0            ; 0            ; 0            ; 0            ; 0            ; 0           ; 0           ; 0           ; 0           ; 0           ; 0           ; 0           ; 0           ; 0           ; 1           ;
; state.OUT_21 ; 0            ; 0            ; 0            ; 0            ; 0            ; 0            ; 0            ; 0            ; 0            ; 0            ; 1            ; 0            ; 0            ; 0            ; 0            ; 0            ; 0            ; 0            ; 0            ; 0            ; 0            ; 0            ; 0           ; 0           ; 0           ; 0           ; 0           ; 0           ; 0           ; 0           ; 0           ; 1           ;
; state.OUT_22 ; 0            ; 0            ; 0            ; 0            ; 0            ; 0            ; 0            ; 0            ; 0            ; 1            ; 0            ; 0            ; 0            ; 0            ; 0            ; 0            ; 0            ; 0            ; 0            ; 0            ; 0            ; 0            ; 0           ; 0           ; 0           ; 0           ; 0           ; 0           ; 0           ; 0           ; 0           ; 1           ;
; state.OUT_23 ; 0            ; 0            ; 0            ; 0            ; 0            ; 0            ; 0            ; 0            ; 1            ; 0            ; 0            ; 0            ; 0            ; 0            ; 0            ; 0            ; 0            ; 0            ; 0            ; 0            ; 0            ; 0            ; 0           ; 0           ; 0           ; 0           ; 0           ; 0           ; 0           ; 0           ; 0           ; 1           ;
; state.OUT_24 ; 0            ; 0            ; 0            ; 0            ; 0            ; 0            ; 0            ; 1            ; 0            ; 0            ; 0            ; 0            ; 0            ; 0            ; 0            ; 0            ; 0            ; 0            ; 0            ; 0            ; 0            ; 0            ; 0           ; 0           ; 0           ; 0           ; 0           ; 0           ; 0           ; 0           ; 0           ; 1           ;
; state.OUT_25 ; 0            ; 0            ; 0            ; 0            ; 0            ; 0            ; 1            ; 0            ; 0            ; 0            ; 0            ; 0            ; 0            ; 0            ; 0            ; 0            ; 0            ; 0            ; 0            ; 0            ; 0            ; 0            ; 0           ; 0           ; 0           ; 0           ; 0           ; 0           ; 0           ; 0           ; 0           ; 1           ;
; state.OUT_26 ; 0            ; 0            ; 0            ; 0            ; 0            ; 1            ; 0            ; 0            ; 0            ; 0            ; 0            ; 0            ; 0            ; 0            ; 0            ; 0            ; 0            ; 0            ; 0            ; 0            ; 0            ; 0            ; 0           ; 0           ; 0           ; 0           ; 0           ; 0           ; 0           ; 0           ; 0           ; 1           ;
; state.OUT_27 ; 0            ; 0            ; 0            ; 0            ; 1            ; 0            ; 0            ; 0            ; 0            ; 0            ; 0            ; 0            ; 0            ; 0            ; 0            ; 0            ; 0            ; 0            ; 0            ; 0            ; 0            ; 0            ; 0           ; 0           ; 0           ; 0           ; 0           ; 0           ; 0           ; 0           ; 0           ; 1           ;
; state.OUT_28 ; 0            ; 0            ; 0            ; 1            ; 0            ; 0            ; 0            ; 0            ; 0            ; 0            ; 0            ; 0            ; 0            ; 0            ; 0            ; 0            ; 0            ; 0            ; 0            ; 0            ; 0            ; 0            ; 0           ; 0           ; 0           ; 0           ; 0           ; 0           ; 0           ; 0           ; 0           ; 1           ;
; state.OUT_29 ; 0            ; 0            ; 1            ; 0            ; 0            ; 0            ; 0            ; 0            ; 0            ; 0            ; 0            ; 0            ; 0            ; 0            ; 0            ; 0            ; 0            ; 0            ; 0            ; 0            ; 0            ; 0            ; 0           ; 0           ; 0           ; 0           ; 0           ; 0           ; 0           ; 0           ; 0           ; 1           ;
; state.OUT_30 ; 0            ; 1            ; 0            ; 0            ; 0            ; 0            ; 0            ; 0            ; 0            ; 0            ; 0            ; 0            ; 0            ; 0            ; 0            ; 0            ; 0            ; 0            ; 0            ; 0            ; 0            ; 0            ; 0           ; 0           ; 0           ; 0           ; 0           ; 0           ; 0           ; 0           ; 0           ; 1           ;
; state.OUT_31 ; 1            ; 0            ; 0            ; 0            ; 0            ; 0            ; 0            ; 0            ; 0            ; 0            ; 0            ; 0            ; 0            ; 0            ; 0            ; 0            ; 0            ; 0            ; 0            ; 0            ; 0            ; 0            ; 0           ; 0           ; 0           ; 0           ; 0           ; 0           ; 0           ; 0           ; 0           ; 1           ;
+--------------+--------------+--------------+--------------+--------------+--------------+--------------+--------------+--------------+--------------+--------------+--------------+--------------+--------------+--------------+--------------+--------------+--------------+--------------+--------------+--------------+--------------+--------------+-------------+-------------+-------------+-------------+-------------+-------------+-------------+-------------+-------------+-------------+


+----------------------------------------------------------------------------------------------------+
; Registers Removed During Synthesis                                                                 ;
+-----------------------------------------------------------+----------------------------------------+
; Register name                                             ; Reason for Removal                     ;
+-----------------------------------------------------------+----------------------------------------+
; address_wrapper:U_ADDR_TOP|sdr_count:U_addrcount|count[2] ; Stuck at GND due to stuck port data_in ;
; tdo_shifter:U_ALU_TO_TDO|state.OUT_8                      ; Lost fanout                            ;
; tdo_shifter:U_ALU_TO_TDO|state.OUT_9                      ; Lost fanout                            ;
; tdo_shifter:U_ALU_TO_TDO|state.OUT_10                     ; Lost fanout                            ;
; tdo_shifter:U_ALU_TO_TDO|state.OUT_11                     ; Lost fanout                            ;
; tdo_shifter:U_ALU_TO_TDO|state.OUT_12                     ; Lost fanout                            ;
; tdo_shifter:U_ALU_TO_TDO|state.OUT_13                     ; Lost fanout                            ;
; tdo_shifter:U_ALU_TO_TDO|state.OUT_14                     ; Lost fanout                            ;
; tdo_shifter:U_ALU_TO_TDO|state.OUT_15                     ; Lost fanout                            ;
; tdo_shifter:U_ALU_TO_TDO|state.OUT_16                     ; Lost fanout                            ;
; tdo_shifter:U_ALU_TO_TDO|state.OUT_17                     ; Lost fanout                            ;
; tdo_shifter:U_ALU_TO_TDO|state.OUT_18                     ; Lost fanout                            ;
; tdo_shifter:U_ALU_TO_TDO|state.OUT_19                     ; Lost fanout                            ;
; tdo_shifter:U_ALU_TO_TDO|state.OUT_20                     ; Lost fanout                            ;
; tdo_shifter:U_ALU_TO_TDO|state.OUT_21                     ; Lost fanout                            ;
; tdo_shifter:U_ALU_TO_TDO|state.OUT_22                     ; Lost fanout                            ;
; tdo_shifter:U_ALU_TO_TDO|state.OUT_23                     ; Lost fanout                            ;
; tdo_shifter:U_ALU_TO_TDO|state.OUT_24                     ; Lost fanout                            ;
; tdo_shifter:U_ALU_TO_TDO|state.OUT_25                     ; Lost fanout                            ;
; tdo_shifter:U_ALU_TO_TDO|state.OUT_26                     ; Lost fanout                            ;
; tdo_shifter:U_ALU_TO_TDO|state.OUT_27                     ; Lost fanout                            ;
; tdo_shifter:U_ALU_TO_TDO|state.OUT_28                     ; Lost fanout                            ;
; tdo_shifter:U_ALU_TO_TDO|state.OUT_29                     ; Lost fanout                            ;
; tdo_shifter:U_ALU_TO_TDO|state.OUT_30                     ; Lost fanout                            ;
; tdo_shifter:U_ALU_TO_TDO|state.OUT_31                     ; Lost fanout                            ;
; Total Number of Removed Registers = 25                    ;                                        ;
+-----------------------------------------------------------+----------------------------------------+


+------------------------------------------------------+
; General Register Statistics                          ;
+----------------------------------------------+-------+
; Statistic                                    ; Value ;
+----------------------------------------------+-------+
; Total registers                              ; 177   ;
; Number of registers using Synchronous Clear  ; 12    ;
; Number of registers using Synchronous Load   ; 10    ;
; Number of registers using Asynchronous Clear ; 122   ;
; Number of registers using Asynchronous Load  ; 0     ;
; Number of registers using Clock Enable       ; 134   ;
; Number of registers using Preset             ; 0     ;
+----------------------------------------------+-------+


+----------------------------------------------------------------------------------------+
; Inverted Register Statistics                                                           ;
+------------------------------------------------------------------------------+---------+
; Inverted Register                                                            ; Fan out ;
+------------------------------------------------------------------------------+---------+
; sld_hub:auto_hub|sld_jtag_hub:\jtag_hub_gen:sld_jtag_hub_inst|tdo            ; 1       ;
; sld_hub:auto_hub|sld_jtag_hub:\jtag_hub_gen:sld_jtag_hub_inst|jtag_ir_reg[2] ; 2       ;
; sld_hub:auto_hub|sld_jtag_hub:\jtag_hub_gen:sld_jtag_hub_inst|jtag_ir_reg[1] ; 3       ;
; Total number of inverted registers = 3                                       ;         ;
+------------------------------------------------------------------------------+---------+


+--------------------------------------------------------------------------------------------------------------------------------------------------------------------------------------------------------------------------------+
; Multiplexer Restructuring Statistics (Restructuring Performed)                                                                                                                                                                 ;
+--------------------+-----------+---------------+----------------------+------------------------+------------+------------------------------------------------------------------------------------------------------------------+
; Multiplexer Inputs ; Bus Width ; Baseline Area ; Area if Restructured ; Saving if Restructured ; Registered ; Example Multiplexer Output                                                                                       ;
+--------------------+-----------+---------------+----------------------+------------------------+------------+------------------------------------------------------------------------------------------------------------------+
; 3:1                ; 7 bits    ; 14 LEs        ; 0 LEs                ; 14 LEs                 ; Yes        ; |top_level|tdo_shifter:U_ALU_TO_TDO|temp_reg[5]                                                                  ;
; 12:1               ; 2 bits    ; 16 LEs        ; 16 LEs               ; 0 LEs                  ; No         ; |top_level|alu_ns:U_ALU_NS|Mux1                                                                                  ;
; 13:1               ; 3 bits    ; 24 LEs        ; 24 LEs               ; 0 LEs                  ; No         ; |top_level|alu_ns:U_ALU_NS|Mux6                                                                                  ;
; 3:1                ; 4 bits    ; 8 LEs         ; 4 LEs                ; 4 LEs                  ; Yes        ; |top_level|sld_hub:auto_hub|sld_jtag_hub:\jtag_hub_gen:sld_jtag_hub_inst|hub_minor_ver_reg[0]                    ;
; 4:1                ; 5 bits    ; 10 LEs        ; 5 LEs                ; 5 LEs                  ; Yes        ; |top_level|sld_hub:auto_hub|sld_jtag_hub:\jtag_hub_gen:sld_jtag_hub_inst|mixer_addr_reg[4]                       ;
; 5:1                ; 5 bits    ; 15 LEs        ; 5 LEs                ; 10 LEs                 ; Yes        ; |top_level|sld_hub:auto_hub|sld_jtag_hub:\jtag_hub_gen:sld_jtag_hub_inst|sld_rom_sr:hub_info_reg|word_counter[0] ;
; 6:1                ; 7 bits    ; 28 LEs        ; 7 LEs                ; 21 LEs                 ; Yes        ; |top_level|sld_hub:auto_hub|sld_jtag_hub:\jtag_hub_gen:sld_jtag_hub_inst|irsr_reg[2]                             ;
; 34:1               ; 4 bits    ; 88 LEs        ; 56 LEs               ; 32 LEs                 ; Yes        ; |top_level|sld_hub:auto_hub|sld_jtag_hub:\jtag_hub_gen:sld_jtag_hub_inst|design_hash_reg[3]                      ;
; 20:1               ; 4 bits    ; 52 LEs        ; 36 LEs               ; 16 LEs                 ; Yes        ; |top_level|sld_hub:auto_hub|sld_jtag_hub:\jtag_hub_gen:sld_jtag_hub_inst|sld_rom_sr:hub_info_reg|WORD_SR[0]      ;
+--------------------+-----------+---------------+----------------------+------------------------+------------+------------------------------------------------------------------------------------------------------------------+


+---------------------------------------------------------------------------+
; Parameter Settings for User Entity Instance: Top-level Entity: |top_level ;
+----------------+-------+--------------------------------------------------+
; Parameter Name ; Value ; Type                                             ;
+----------------+-------+--------------------------------------------------+
; DATA_WIDTH     ; 8     ; Signed Integer                                   ;
+----------------+-------+--------------------------------------------------+
Note: In order to hide this table in the UI and the text report file, please set the "Show Parameter Settings in Synthesis Report" option in "Analysis and Synthesis Settings -> More Settings" to "Off".


+--------------------------------------------------------------------------------------------------------+
; Parameter Settings for User Entity Instance: vJTAG:U_vJTAG|sld_virtual_jtag:sld_virtual_jtag_component ;
+-------------------------+------------------+-----------------------------------------------------------+
; Parameter Name          ; Value            ; Type                                                      ;
+-------------------------+------------------+-----------------------------------------------------------+
; sld_auto_instance_index ; YES              ; String                                                    ;
; sld_instance_index      ; 0                ; Signed Integer                                            ;
; sld_ir_width            ; 8                ; Signed Integer                                            ;
; sld_sim_n_scan          ; 0                ; Signed Integer                                            ;
; sld_sim_action          ;                  ; String                                                    ;
; sld_sim_total_length    ; 0                ; Signed Integer                                            ;
; lpm_type                ; sld_virtual_jtag ; String                                                    ;
; lpm_hint                ; UNUSED           ; String                                                    ;
+-------------------------+------------------+-----------------------------------------------------------+
Note: In order to hide this table in the UI and the text report file, please set the "Show Parameter Settings in Synthesis Report" option in "Analysis and Synthesis Settings -> More Settings" to "Off".


+-----------------------------------------------------------------------------+
; Parameter Settings for User Entity Instance: seriel_to_parallel_reg:U_SR_V2 ;
+----------------+-------+----------------------------------------------------+
; Parameter Name ; Value ; Type                                               ;
+----------------+-------+----------------------------------------------------+
; data_width     ; 8     ; Signed Integer                                     ;
+----------------+-------+----------------------------------------------------+
Note: In order to hide this table in the UI and the text report file, please set the "Show Parameter Settings in Synthesis Report" option in "Analysis and Synthesis Settings -> More Settings" to "Off".


+-----------------------------------------------------------------------+
; Parameter Settings for User Entity Instance: tdo_shifter:U_ALU_TO_TDO ;
+----------------+-------+----------------------------------------------+
; Parameter Name ; Value ; Type                                         ;
+----------------+-------+----------------------------------------------+
; data_width     ; 8     ; Signed Integer                               ;
+----------------+-------+----------------------------------------------+
Note: In order to hide this table in the UI and the text report file, please set the "Show Parameter Settings in Synthesis Report" option in "Analysis and Synthesis Settings -> More Settings" to "Off".


+-------------------------------------------------------------------------+
; Parameter Settings for User Entity Instance: address_wrapper:U_ADDR_TOP ;
+----------------+-------+------------------------------------------------+
; Parameter Name ; Value ; Type                                           ;
+----------------+-------+------------------------------------------------+
; data_width     ; 8     ; Signed Integer                                 ;
+----------------+-------+------------------------------------------------+
Note: In order to hide this table in the UI and the text report file, please set the "Show Parameter Settings in Synthesis Report" option in "Analysis and Synthesis Settings -> More Settings" to "Off".


+-------------------------------------------------------------------------------------------+
; Parameter Settings for User Entity Instance: address_wrapper:U_ADDR_TOP|reg_gen:U_addrreg ;
+----------------+-------+------------------------------------------------------------------+
; Parameter Name ; Value ; Type                                                             ;
+----------------+-------+------------------------------------------------------------------+
; data_width     ; 8     ; Signed Integer                                                   ;
+----------------+-------+------------------------------------------------------------------+
Note: In order to hide this table in the UI and the text report file, please set the "Show Parameter Settings in Synthesis Report" option in "Analysis and Synthesis Settings -> More Settings" to "Off".


+-----------------------------------------------------------------------------------------------+
; Parameter Settings for User Entity Instance: address_wrapper:U_ADDR_TOP|sdr_count:U_addrcount ;
+----------------+-------+----------------------------------------------------------------------+
; Parameter Name ; Value ; Type                                                                 ;
+----------------+-------+----------------------------------------------------------------------+
; sdr_count      ; 3     ; Signed Integer                                                       ;
+----------------+-------+----------------------------------------------------------------------+
Note: In order to hide this table in the UI and the text report file, please set the "Show Parameter Settings in Synthesis Report" option in "Analysis and Synthesis Settings -> More Settings" to "Off".


+-----------------------------------------------------------------------------------------+
; Parameter Settings for User Entity Instance: address_wrapper:U_ADDR_TOP|d_logic:U_logic ;
+----------------+-------+----------------------------------------------------------------+
; Parameter Name ; Value ; Type                                                           ;
+----------------+-------+----------------------------------------------------------------+
; data_width     ; 8     ; Signed Integer                                                 ;
; sdr_count      ; 3     ; Signed Integer                                                 ;
+----------------+-------+----------------------------------------------------------------+
Note: In order to hide this table in the UI and the text report file, please set the "Show Parameter Settings in Synthesis Report" option in "Analysis and Synthesis Settings -> More Settings" to "Off".


+--------------------------------------------------------------+
; Parameter Settings for User Entity Instance: alu_ns:U_ALU_NS ;
+----------------+-------+-------------------------------------+
; Parameter Name ; Value ; Type                                ;
+----------------+-------+-------------------------------------+
; data_width     ; 8     ; Signed Integer                      ;
+----------------+-------+-------------------------------------+
Note: In order to hide this table in the UI and the text report file, please set the "Show Parameter Settings in Synthesis Report" option in "Analysis and Synthesis Settings -> More Settings" to "Off".


+--------------------------------------------------------------+
; Parameter Settings for User Entity Instance: reg_gen:U_A_REG ;
+----------------+-------+-------------------------------------+
; Parameter Name ; Value ; Type                                ;
+----------------+-------+-------------------------------------+
; data_width     ; 8     ; Signed Integer                      ;
+----------------+-------+-------------------------------------+
Note: In order to hide this table in the UI and the text report file, please set the "Show Parameter Settings in Synthesis Report" option in "Analysis and Synthesis Settings -> More Settings" to "Off".


+--------------------------------------------------------------+
; Parameter Settings for User Entity Instance: reg_gen:U_B_REG ;
+----------------+-------+-------------------------------------+
; Parameter Name ; Value ; Type                                ;
+----------------+-------+-------------------------------------+
; data_width     ; 8     ; Signed Integer                      ;
+----------------+-------+-------------------------------------+
Note: In order to hide this table in the UI and the text report file, please set the "Show Parameter Settings in Synthesis Report" option in "Analysis and Synthesis Settings -> More Settings" to "Off".


+----------------------------------------------------------------+
; Parameter Settings for User Entity Instance: reg_gen:U_OUT_REG ;
+----------------+-------+---------------------------------------+
; Parameter Name ; Value ; Type                                  ;
+----------------+-------+---------------------------------------+
; data_width     ; 8     ; Signed Integer                        ;
+----------------+-------+---------------------------------------+
Note: In order to hide this table in the UI and the text report file, please set the "Show Parameter Settings in Synthesis Report" option in "Analysis and Synthesis Settings -> More Settings" to "Off".


+------------------------------------------------------------------------------------+
; Parameter Settings for Inferred Entity Instance: alu_ns:U_ALU_NS|lpm_mult:Mult0    ;
+------------------------------------------------+-------------+---------------------+
; Parameter Name                                 ; Value       ; Type                ;
+------------------------------------------------+-------------+---------------------+
; AUTO_CARRY_CHAINS                              ; ON          ; AUTO_CARRY          ;
; IGNORE_CARRY_BUFFERS                           ; OFF         ; IGNORE_CARRY        ;
; AUTO_CASCADE_CHAINS                            ; ON          ; AUTO_CASCADE        ;
; IGNORE_CASCADE_BUFFERS                         ; OFF         ; IGNORE_CASCADE      ;
; LPM_WIDTHA                                     ; 8           ; Untyped             ;
; LPM_WIDTHB                                     ; 8           ; Untyped             ;
; LPM_WIDTHP                                     ; 16          ; Untyped             ;
; LPM_WIDTHR                                     ; 16          ; Untyped             ;
; LPM_WIDTHS                                     ; 1           ; Untyped             ;
; LPM_REPRESENTATION                             ; UNSIGNED    ; Untyped             ;
; LPM_PIPELINE                                   ; 0           ; Untyped             ;
; LATENCY                                        ; 0           ; Untyped             ;
; INPUT_A_IS_CONSTANT                            ; NO          ; Untyped             ;
; INPUT_B_IS_CONSTANT                            ; NO          ; Untyped             ;
; USE_EAB                                        ; OFF         ; Untyped             ;
; MAXIMIZE_SPEED                                 ; 5           ; Untyped             ;
; DEVICE_FAMILY                                  ; Cyclone III ; Untyped             ;
; CARRY_CHAIN                                    ; MANUAL      ; Untyped             ;
; APEX20K_TECHNOLOGY_MAPPER                      ; LUT         ; TECH_MAPPER_APEX20K ;
; DEDICATED_MULTIPLIER_CIRCUITRY                 ; AUTO        ; Untyped             ;
; DEDICATED_MULTIPLIER_MIN_INPUT_WIDTH_FOR_AUTO  ; 0           ; Untyped             ;
; DEDICATED_MULTIPLIER_MIN_OUTPUT_WIDTH_FOR_AUTO ; 0           ; Untyped             ;
; CBXI_PARAMETER                                 ; mult_19t    ; Untyped             ;
; INPUT_A_FIXED_VALUE                            ; Bx          ; Untyped             ;
; INPUT_B_FIXED_VALUE                            ; Bx          ; Untyped             ;
; USE_AHDL_IMPLEMENTATION                        ; OFF         ; Untyped             ;
+------------------------------------------------+-------------+---------------------+
Note: In order to hide this table in the UI and the text report file, please set the "Show Parameter Settings in Synthesis Report" option in "Analysis and Synthesis Settings -> More Settings" to "Off".


+------------------------------------------------------------------------+
; lpm_mult Parameter Settings by Entity Instance                         ;
+---------------------------------------+--------------------------------+
; Name                                  ; Value                          ;
+---------------------------------------+--------------------------------+
; Number of entity instances            ; 1                              ;
; Entity Instance                       ; alu_ns:U_ALU_NS|lpm_mult:Mult0 ;
;     -- LPM_WIDTHA                     ; 8                              ;
;     -- LPM_WIDTHB                     ; 8                              ;
;     -- LPM_WIDTHP                     ; 16                             ;
;     -- LPM_REPRESENTATION             ; UNSIGNED                       ;
;     -- INPUT_A_IS_CONSTANT            ; NO                             ;
;     -- INPUT_B_IS_CONSTANT            ; NO                             ;
;     -- USE_EAB                        ; OFF                            ;
;     -- DEDICATED_MULTIPLIER_CIRCUITRY ; AUTO                           ;
;     -- INPUT_A_FIXED_VALUE            ; Bx                             ;
;     -- INPUT_B_FIXED_VALUE            ; Bx                             ;
+---------------------------------------+--------------------------------+


+------------------------------------------------------------------------------------------------------------------------------+
; Port Connectivity Checks: "vJTAG:U_vJTAG"                                                                                    ;
+--------------------+--------+----------+-------------------------------------------------------------------------------------+
; Port               ; Type   ; Severity ; Details                                                                             ;
+--------------------+--------+----------+-------------------------------------------------------------------------------------+
; ir_out             ; Input  ; Info     ; Stuck at GND                                                                        ;
; virtual_state_cdr  ; Output ; Info     ; Connected to dangling logic. Logic that only feeds a dangling port will be removed. ;
; virtual_state_cir  ; Output ; Info     ; Connected to dangling logic. Logic that only feeds a dangling port will be removed. ;
; virtual_state_e1dr ; Output ; Info     ; Connected to dangling logic. Logic that only feeds a dangling port will be removed. ;
; virtual_state_e2dr ; Output ; Info     ; Connected to dangling logic. Logic that only feeds a dangling port will be removed. ;
; virtual_state_pdr  ; Output ; Info     ; Connected to dangling logic. Logic that only feeds a dangling port will be removed. ;
; virtual_state_uir  ; Output ; Info     ; Connected to dangling logic. Logic that only feeds a dangling port will be removed. ;
+--------------------+--------+----------+-------------------------------------------------------------------------------------+


+-----------------------------------------------------------------------------------------------------------------------------------------------------------------------------+
; Virtual JTAG Settings                                                                                                                                                       ;
+----------------+------------+------------------+----------+---------+-----------------+-------------------------+-----------------------------------------------------------+
; Instance Index ; Auto Index ; Index Reassigned ; IR Width ; Address ; USER1 DR length ; VIR capture instruction ; Hierarchy Location                                        ;
+----------------+------------+------------------+----------+---------+-----------------+-------------------------+-----------------------------------------------------------+
; 0              ; YES        ; N/A              ; 8        ; 0x100   ; 9               ; 0x00B                   ; vJTAG:U_vJTAG|sld_virtual_jtag:sld_virtual_jtag_component ;
+----------------+------------+------------------+----------+---------+-----------------+-------------------------+-----------------------------------------------------------+


+---------------------------------+
; Elapsed Time Per Partition      ;
+------------------+--------------+
; Partition Name   ; Elapsed Time ;
+------------------+--------------+
; Top              ; 00:00:05     ;
; sld_hub:auto_hub ; 00:00:02     ;
+------------------+--------------+


+-------------------------------+
; Analysis & Synthesis Messages ;
+-------------------------------+
Info: *******************************************************************
Info: Running Quartus II 64-Bit Analysis & Synthesis
    Info: Version 13.0.1 Build 232 06/12/2013 Service Pack 1 SJ Web Edition
    Info: Processing started: Mon Apr 27 13:12:14 2015
Info: Command: quartus_map --read_settings_files=on --write_settings_files=off vJTAG_ALU -c vJTAG_ALU
Info (11104): Parallel Compilation has detected 8 hyper-threaded processors. However, the extra hyper-threaded processors will not be used by default. Parallel Compilation will use 4 of the 4 physical processors detected instead.
Info (12021): Found 2 design units, including 1 entities, in source file /users/kyle/downloads/de0_board_virtual_control-2015-04-27/de0 board virtual control/turn in/vhdl/decoder7seg.vhd
    Info (12022): Found design unit 1: decoder7seg-case_statment
    Info (12023): Found entity 1: decoder7seg
Info (12021): Found 2 design units, including 1 entities, in source file /users/kyle/downloads/de0_board_virtual_control-2015-04-27/de0 board virtual control/turn in/vhdl/vjtag.vhd
    Info (12022): Found design unit 1: vjtag-SYN
    Info (12023): Found entity 1: vJTAG
Info (12021): Found 2 design units, including 1 entities, in source file /users/kyle/downloads/de0_board_virtual_control-2015-04-27/de0 board virtual control/turn in/vhdl/top_level.vhd
    Info (12022): Found design unit 1: top_level-BHV
    Info (12023): Found entity 1: top_level
Info (12021): Found 2 design units, including 1 entities, in source file /users/kyle/downloads/de0_board_virtual_control-2015-04-27/de0 board virtual control/turn in/vhdl/tdo_shifter.vhd
    Info (12022): Found design unit 1: tdo_shifter-FSMD2
    Info (12023): Found entity 1: tdo_shifter
Info (12021): Found 2 design units, including 1 entities, in source file /users/kyle/downloads/de0_board_virtual_control-2015-04-27/de0 board virtual control/turn in/vhdl/seriel_to_parallel_reg.vhd
    Info (12022): Found design unit 1: seriel_to_parallel_reg-SEQ_LOG
    Info (12023): Found entity 1: seriel_to_parallel_reg
Info (12021): Found 2 design units, including 1 entities, in source file /users/kyle/downloads/de0_board_virtual_control-2015-04-27/de0 board virtual control/turn in/vhdl/sdr_count.vhd
    Info (12022): Found design unit 1: sdr_count-count
    Info (12023): Found entity 1: sdr_count
Info (12021): Found 2 design units, including 1 entities, in source file /users/kyle/downloads/de0_board_virtual_control-2015-04-27/de0 board virtual control/turn in/vhdl/reg_gen.vhd
    Info (12022): Found design unit 1: reg_gen-SEQ_LOGIC
    Info (12023): Found entity 1: reg_gen
Info (12021): Found 1 design units, including 0 entities, in source file /users/kyle/downloads/de0_board_virtual_control-2015-04-27/de0 board virtual control/turn in/vhdl/mem_pkg.vhd
    Info (12022): Found design unit 1: mem_pkg
Info (12021): Found 2 design units, including 1 entities, in source file /users/kyle/downloads/de0_board_virtual_control-2015-04-27/de0 board virtual control/turn in/vhdl/d_logic.vhd
    Info (12022): Found design unit 1: d_logic-SEQ_LOGIC
    Info (12023): Found entity 1: d_logic
Info (12021): Found 2 design units, including 1 entities, in source file /users/kyle/downloads/de0_board_virtual_control-2015-04-27/de0 board virtual control/turn in/vhdl/alu_ns.vhd
    Info (12022): Found design unit 1: alu_ns-numeric
    Info (12023): Found entity 1: alu_ns
Info (12021): Found 2 design units, including 1 entities, in source file /users/kyle/downloads/de0_board_virtual_control-2015-04-27/de0 board virtual control/turn in/vhdl/address_wrapper.vhd
    Info (12022): Found design unit 1: address_wrapper-STR
    Info (12023): Found entity 1: address_wrapper
Info (12127): Elaborating entity "top_level" for the top level hierarchy
Warning (10036): Verilog HDL or VHDL warning at top_level.vhd(33): object "cdr" assigned a value but never read
Info (12128): Elaborating entity "vJTAG" for hierarchy "vJTAG:U_vJTAG"
Warning (10296): VHDL warning at vJTAG.vhd(123): ignored assignment of value to null range
Info (12128): Elaborating entity "sld_virtual_jtag" for hierarchy "vJTAG:U_vJTAG|sld_virtual_jtag:sld_virtual_jtag_component"
Info (12130): Elaborated megafunction instantiation "vJTAG:U_vJTAG|sld_virtual_jtag:sld_virtual_jtag_component"
Info (12133): Instantiated megafunction "vJTAG:U_vJTAG|sld_virtual_jtag:sld_virtual_jtag_component" with the following parameter:
    Info (12134): Parameter "sld_auto_instance_index" = "YES"
    Info (12134): Parameter "sld_instance_index" = "0"
    Info (12134): Parameter "sld_ir_width" = "8"
    Info (12134): Parameter "sld_sim_action" = ""
    Info (12134): Parameter "sld_sim_n_scan" = "0"
    Info (12134): Parameter "sld_sim_total_length" = "0"
    Info (12134): Parameter "lpm_type" = "sld_virtual_jtag"
Info (12128): Elaborating entity "sld_virtual_jtag_basic" for hierarchy "vJTAG:U_vJTAG|sld_virtual_jtag:sld_virtual_jtag_component|sld_virtual_jtag_basic:sld_virtual_jtag_basic_inst"
Info (12131): Elaborated megafunction instantiation "vJTAG:U_vJTAG|sld_virtual_jtag:sld_virtual_jtag_component|sld_virtual_jtag_basic:sld_virtual_jtag_basic_inst", which is child of megafunction instantiation "vJTAG:U_vJTAG|sld_virtual_jtag:sld_virtual_jtag_component"
Info (12128): Elaborating entity "sld_virtual_jtag_impl" for hierarchy "vJTAG:U_vJTAG|sld_virtual_jtag:sld_virtual_jtag_component|sld_virtual_jtag_basic:sld_virtual_jtag_basic_inst|sld_virtual_jtag_impl:sld_virtual_jtag_impl_inst"
Info (12131): Elaborated megafunction instantiation "vJTAG:U_vJTAG|sld_virtual_jtag:sld_virtual_jtag_component|sld_virtual_jtag_basic:sld_virtual_jtag_basic_inst|sld_virtual_jtag_impl:sld_virtual_jtag_impl_inst", which is child of megafunction instantiation "vJTAG:U_vJTAG|sld_virtual_jtag:sld_virtual_jtag_component"
Info (12128): Elaborating entity "seriel_to_parallel_reg" for hierarchy "seriel_to_parallel_reg:U_SR_V2"
Info (12128): Elaborating entity "tdo_shifter" for hierarchy "tdo_shifter:U_ALU_TO_TDO"
Info (12128): Elaborating entity "address_wrapper" for hierarchy "address_wrapper:U_ADDR_TOP"
Info (12128): Elaborating entity "reg_gen" for hierarchy "address_wrapper:U_ADDR_TOP|reg_gen:U_addrreg"
Info (12128): Elaborating entity "sdr_count" for hierarchy "address_wrapper:U_ADDR_TOP|sdr_count:U_addrcount"
Info (12128): Elaborating entity "d_logic" for hierarchy "address_wrapper:U_ADDR_TOP|d_logic:U_logic"
Warning (10036): Verilog HDL or VHDL warning at d_logic.vhd(28): object "sel_sr_reg" assigned a value but never read
Info (12128): Elaborating entity "alu_ns" for hierarchy "alu_ns:U_ALU_NS"
Info (12128): Elaborating entity "decoder7seg" for hierarchy "decoder7seg:U_LED_HI_a"
Info (278001): Inferred 1 megafunctions from design logic
    Info (278003): Inferred multiplier megafunction ("lpm_mult") from the following logic: "alu_ns:U_ALU_NS|Mult0"
Info (12130): Elaborated megafunction instantiation "alu_ns:U_ALU_NS|lpm_mult:Mult0"
Info (12133): Instantiated megafunction "alu_ns:U_ALU_NS|lpm_mult:Mult0" with the following parameter:
    Info (12134): Parameter "LPM_WIDTHA" = "8"
    Info (12134): Parameter "LPM_WIDTHB" = "8"
    Info (12134): Parameter "LPM_WIDTHP" = "16"
    Info (12134): Parameter "LPM_WIDTHR" = "16"
    Info (12134): Parameter "LPM_WIDTHS" = "1"
    Info (12134): Parameter "LPM_REPRESENTATION" = "UNSIGNED"
    Info (12134): Parameter "INPUT_A_IS_CONSTANT" = "NO"
    Info (12134): Parameter "INPUT_B_IS_CONSTANT" = "NO"
    Info (12134): Parameter "MAXIMIZE_SPEED" = "5"
Info (12021): Found 1 design units, including 1 entities, in source file db/mult_19t.tdf
    Info (12023): Found entity 1: mult_19t
Info (286031): Timing-Driven Synthesis is running on partition "Top"
Info (17049): 24 registers lost all their fanouts during netlist optimizations.
Info (13000): Registers with preset signals will power-up high
Info (13003): DEV_CLRn pin will set, and not reset, register with preset signal due to NOT Gate Push-Back
Warning (13024): Output pins are stuck at VCC or GND
    Warning (13410): Pin "sld_hub:auto_hub|receive[0][0]" is stuck at GND
Info (286031): Timing-Driven Synthesis is running on partition "sld_hub:auto_hub"
Info (16010): Generating hard_block partition "hard_block:auto_generated_inst"
    Info (16011): Adding 0 node(s), including 0 DDIO, 0 PLL, 0 transceiver and 0 LCELL
Info (21057): Implemented 455 device resources after synthesis - the final resource count might be different
    Info (21058): Implemented 8 input pins
    Info (21059): Implemented 38 output pins
    Info (21061): Implemented 407 logic cells
    Info (21062): Implemented 1 DSP elements
Info: Quartus II 64-Bit Analysis & Synthesis was successful. 0 errors, 5 warnings
    Info: Peak virtual memory: 536 megabytes
    Info: Processing ended: Mon Apr 27 13:12:31 2015
    Info: Elapsed time: 00:00:17
    Info: Total CPU time (on all processors): 00:00:15


