Flow report for vJTAG_ALU
Mon Apr 27 13:13:23 2015
Quartus II 64-Bit Version 13.0.1 Build 232 06/12/2013 Service Pack 1 SJ Web Edition


---------------------
; Table of Contents ;
---------------------
  1. Legal Notice
  2. Flow Summary
  3. Flow Settings
  4. Flow Non-Default Global Settings
  5. Flow Elapsed Time
  6. Flow OS Summary
  7. Flow Log
  8. Flow Messages
  9. Flow Suppressed Messages



----------------
; Legal Notice ;
----------------
Copyright (C) 1991-2013 Altera Corporation
Your use of Altera Corporation's design tools, logic functions 
and other software and tools, and its AMPP partner logic 
functions, and any output files from any of the foregoing 
(including device programming or simulation files), and any 
associated documentation or information are expressly subject 
to the terms and conditions of the Altera Program License 
Subscription Agreement, Altera MegaCore Function License 
Agreement, or other applicable license agreement, including, 
without limitation, that your use is for the sole purpose of 
programming logic devices manufactured by Altera and sold by 
Altera or its authorized distributors.  Please refer to the 
applicable agreement for further details.



+--------------------------------------------------------------------------------------+
; Flow Summary                                                                         ;
+------------------------------------+-------------------------------------------------+
; Flow Status                        ; Successful - Mon Apr 27 13:13:23 2015           ;
; Quartus II 64-Bit Version          ; 13.0.1 Build 232 06/12/2013 SP 1 SJ Web Edition ;
; Revision Name                      ; vJTAG_ALU                                       ;
; Top-level Entity Name              ; top_level                                       ;
; Family                             ; Cyclone III                                     ;
; Device                             ; EP3C16F484C6                                    ;
; Timing Models                      ; Final                                           ;
; Total logic elements               ; 366 / 15,408 ( 2 % )                            ;
;     Total combinational functions  ; 299 / 15,408 ( 2 % )                            ;
;     Dedicated logic registers      ; 177 / 15,408 ( 1 % )                            ;
; Total registers                    ; 177                                             ;
; Total pins                         ; 42 / 347 ( 12 % )                               ;
; Total virtual pins                 ; 0                                               ;
; Total memory bits                  ; 0 / 516,096 ( 0 % )                             ;
; Embedded Multiplier 9-bit elements ; 1 / 112 ( < 1 % )                               ;
; Total PLLs                         ; 0 / 4 ( 0 % )                                   ;
+------------------------------------+-------------------------------------------------+


+-----------------------------------------+
; Flow Settings                           ;
+-------------------+---------------------+
; Option            ; Setting             ;
+-------------------+---------------------+
; Start date & time ; 04/27/2015 13:12:15 ;
; Main task         ; Compilation         ;
; Revision Name     ; vJTAG_ALU           ;
+-------------------+---------------------+


+---------------------------------------------------------------------------------------------------------------------+
; Flow Non-Default Global Settings                                                                                    ;
+-------------------------------------+--------------------------------+---------------+-------------+----------------+
; Assignment Name                     ; Value                          ; Default Value ; Entity Name ; Section Id     ;
+-------------------------------------+--------------------------------+---------------+-------------+----------------+
; COMPILER_SIGNATURE_ID               ; 41826084735145.143015473505812 ; --            ; --          ; --             ;
; EDA_OUTPUT_DATA_FORMAT              ; Vhdl                           ; --            ; --          ; eda_simulation ;
; EDA_SIMULATION_TOOL                 ; ModelSim-Altera (VHDL)         ; <None>        ; --          ; --             ;
; MAX_CORE_JUNCTION_TEMP              ; 85                             ; --            ; --          ; --             ;
; MIN_CORE_JUNCTION_TEMP              ; 0                              ; --            ; --          ; --             ;
; OUTPUT_IO_TIMING_FAR_END_VMEAS      ; Half Signal Swing              ; --            ; --          ; --             ;
; OUTPUT_IO_TIMING_FAR_END_VMEAS      ; Half Signal Swing              ; --            ; --          ; --             ;
; OUTPUT_IO_TIMING_NEAR_END_VMEAS     ; Half Vccio                     ; --            ; --          ; --             ;
; OUTPUT_IO_TIMING_NEAR_END_VMEAS     ; Half Vccio                     ; --            ; --          ; --             ;
; PARTITION_COLOR                     ; 16764057                       ; --            ; top_level   ; Top            ;
; PARTITION_FITTER_PRESERVATION_LEVEL ; PLACEMENT_AND_ROUTING          ; --            ; top_level   ; Top            ;
; PARTITION_NETLIST_TYPE              ; SOURCE                         ; --            ; top_level   ; Top            ;
; PROJECT_OUTPUT_DIRECTORY            ; output_files                   ; --            ; --          ; --             ;
; TOP_LEVEL_ENTITY                    ; top_level                      ; vJTAG_ALU     ; --          ; --             ;
+-------------------------------------+--------------------------------+---------------+-------------+----------------+


+-------------------------------------------------------------------------------------------------------------------------------+
; Flow Elapsed Time                                                                                                             ;
+---------------------------+--------------+-------------------------+---------------------+------------------------------------+
; Module Name               ; Elapsed Time ; Average Processors Used ; Peak Virtual Memory ; Total CPU Time (on all processors) ;
+---------------------------+--------------+-------------------------+---------------------+------------------------------------+
; Analysis & Synthesis      ; 00:00:15     ; 1.0                     ; 536 MB              ; 00:00:13                           ;
; Fitter                    ; 00:00:24     ; 1.1                     ; 1069 MB             ; 00:00:27                           ;
; Assembler                 ; 00:00:05     ; 1.0                     ; 433 MB              ; 00:00:05                           ;
; TimeQuest Timing Analyzer ; 00:00:10     ; 1.0                     ; 504 MB              ; 00:00:08                           ;
; EDA Netlist Writer        ; 00:00:04     ; 1.0                     ; 402 MB              ; 00:00:04                           ;
; Total                     ; 00:00:58     ; --                      ; --                  ; 00:00:57                           ;
+---------------------------+--------------+-------------------------+---------------------+------------------------------------+


+----------------------------------------------------------------------------------------+
; Flow OS Summary                                                                        ;
+---------------------------+------------------+-----------+------------+----------------+
; Module Name               ; Machine Hostname ; OS Name   ; OS Version ; Processor type ;
+---------------------------+------------------+-----------+------------+----------------+
; Analysis & Synthesis      ; TheMoneyMaker    ; Windows 7 ; 6.2        ; x86_64         ;
; Fitter                    ; TheMoneyMaker    ; Windows 7 ; 6.2        ; x86_64         ;
; Assembler                 ; TheMoneyMaker    ; Windows 7 ; 6.2        ; x86_64         ;
; TimeQuest Timing Analyzer ; TheMoneyMaker    ; Windows 7 ; 6.2        ; x86_64         ;
; EDA Netlist Writer        ; TheMoneyMaker    ; Windows 7 ; 6.2        ; x86_64         ;
+---------------------------+------------------+-----------+------------+----------------+


------------
; Flow Log ;
------------
quartus_map --read_settings_files=on --write_settings_files=off vJTAG_ALU -c vJTAG_ALU
quartus_fit --read_settings_files=off --write_settings_files=off vJTAG_ALU -c vJTAG_ALU
quartus_asm --read_settings_files=off --write_settings_files=off vJTAG_ALU -c vJTAG_ALU
quartus_sta vJTAG_ALU -c vJTAG_ALU
quartus_eda --read_settings_files=off --write_settings_files=off vJTAG_ALU -c vJTAG_ALU



