Restore Archived Project report for vJTAG_ALU
Sat Dec 13 12:42:43 2014
Quartus II 64-Bit Version 13.0.1 Build 232 06/12/2013 Service Pack 1 SJ Web Edition


---------------------
; Table of Contents ;
---------------------
  1. Legal Notice
  2. Restore Archived Project Summary
  3. Restore Archived Project Messages
  4. Files Restored
  5. Files Not Restored



----------------
; Legal Notice ;
----------------
Copyright (C) 1991-2013 Altera Corporation
Your use of Altera Corporation's design tools, logic functions 
and other software and tools, and its AMPP partner logic 
functions, and any output files from any of the foregoing 
(including device programming or simulation files), and any 
associated documentation or information are expressly subject 
to the terms and conditions of the Altera Program License 
Subscription Agreement, Altera MegaCore Function License 
Agreement, or other applicable license agreement, including, 
without limitation, that your use is for the sole purpose of 
programming logic devices manufactured by Altera and sold by 
Altera or its authorized distributors.  Please refer to the 
applicable agreement for further details.



+-------------------------------------------------------------------------+
; Restore Archived Project Summary                                        ;
+---------------------------------+---------------------------------------+
; Restore Archived Project Status ; Successful - Sat Dec 13 12:42:43 2014 ;
; Revision Name                   ; vJTAG_ALU                             ;
; Top-level Entity Name           ; top_level                             ;
; Family                          ; Cyclone III                           ;
+---------------------------------+---------------------------------------+


+-----------------------------------+
; Restore Archived Project Messages ;
+-----------------------------------+
Info: Successfully restored 'C:/Users/Kyle/Desktop/DE0 Board Virtual Control/Turn in/vJTAG_ALU_Generic.qar' into the 'C:/Users/Kyle/Desktop/DE0 Board Virtual Control/Turn in/vJTAG_ALU_Generic_restored/' directory
Info: Generated report 'vJTAG_ALU.restore.rpt'
Info (23030): Evaluation of Tcl script c:/altera/13.0sp1/quartus/common/tcl/apps/qpm/qar.tcl was successful
Info: Quartus II 64-Bit Shell was successful. 0 errors, 0 warnings
    Info: Peak virtual memory: 333 megabytes
    Info: Processing ended: Sat Dec 13 12:42:43 2014
    Info: Elapsed time: 00:00:03
    Info: Total CPU time (on all processors): 00:00:02


+------------------------------------------------------+
; Files Restored                                       ;
+------------------------------------------------------+
; File Name                                            ;
+------------------------------------------------------+
; TCL_Server_vJTAG_SimpleTest.tcl                      ;
; addr_count.vhd                                       ;
; addr_reg.vhd                                         ;
; addr_top.vhd                                         ;
; alu_ns.vhd                                           ;
; alu_to_tdo.vhd                                       ;
; assignment_defaults.qdf                              ;
; d_logic.vhd                                          ;
; db/vJTAG_ALU.cmp.hdb                                 ;
; db/vJTAG_ALU.db_info                                 ;
; decoder7seg.vhd                                      ;
; incremental_db/compiled_partitions/vJTAG_ALU.db_info ;
; reg_gen.vhd                                          ;
; rs232_tx.vhd                                         ;
; shft_reg.vhd                                         ;
; shft_reg_v2.vhd                                      ;
; shft_reg_v3.vhd                                      ;
; top_level.vhd                                        ;
; vJTAG.cmp                                            ;
; vJTAG.qip                                            ;
; vJTAG.vhd                                            ;
; vJTAG_ALU.qpf                                        ;
; vJTAG_ALU.qsf                                        ;
; vJTAG_ALU.tcl                                        ;
+------------------------------------------------------+


+--------------------+
; Files Not Restored ;
+--------------------+
; File Name          ;
+--------------------+


